<?xml version="1.0" encoding="UTF-8"?>
<testsuite xmlns:xsi="http://www.w3.org/2001/XMLSchema-instance" xsi:noNamespaceSchemaLocation="https://maven.apache.org/surefire/maven-surefire-plugin/xsd/surefire-test-report.xsd" version="3.0.2" name="com.microservice.department_service.DepartmentServiceApplicationTests" time="3.09" tests="1" errors="0" skipped="0" failures="0">
  <properties>
[...]
</properties>
  <testcase name="contextLoads" classname="com.microservice.department_service.DepartmentServiceApplicationTests" time="0.329">
    <system-out><![CDATA[10:12:07.532 [main] INFO org.springframework.test.context.support.AnnotationConfigContextLoaderUtils -- Could not detect default configuration classes for test class [com.microservice.department_service.DepartmentServiceApplicationTests]: DepartmentServiceApplicationTests does not declare any static, non-private, non-final, nested classes annotated with @Configuration.
10:12:07.588 [main] INFO org.springframework.boot.test.context.SpringBootTestContextBootstrapper -- Found @SpringBootConfiguration com.microservice.department_service.DepartmentServiceApplication for test class com.microservice.department_service.DepartmentServiceApplicationTests

  .   ____          _            __ _ _
 /\\ / ___'_ __ _ _(_)_ __  __ _ \ \ \ \
( ( )\___ | '_ | '_| | '_ \/ _` | \ \ \ \
 \\/  ___)| |_)| | | | | || (_| |  ) ) ) )
  '  |____| .__|_| |_|_| |_\__, | / / / /
 =========|_|==============|___/=/_/_/_/

 :: Spring Boot ::                (v3.4.4)

2025-05-14T10:12:07.961+05:30  INFO 87897 --- [department-service] [           main] c.m.d.DepartmentServiceApplicationTests  : Starting DepartmentServiceApplicationTests using Java 22.0.1 with PID 87897 (started by jayparmar in /Users/jayparmar/Desktop/springboot-microservices/department-service)
2025-05-14T10:12:07.962+05:30  INFO 87897 --- [department-service] [           main] c.m.d.DepartmentServiceApplicationTests  : No active profile set, falling back to 1 default profile: "default"
2025-05-14T10:12:08.300+05:30  INFO 87897 --- [department-service] [           main] .s.d.r.c.RepositoryConfigurationDelegate : Bootstrapping Spring Data JPA repositories in DEFAULT mode.
2025-05-14T10:12:08.375+05:30  INFO 87897 --- [department-service] [           main] .s.d.r.c.RepositoryConfigurationDelegate : Finished Spring Data repository scanning in 70 ms. Found 1 JPA repository interface.
2025-05-14T10:12:08.506+05:30  INFO 87897 --- [department-service] [           main] o.s.cloud.context.scope.GenericScope     : BeanFactory id=08885170-aa84-3028-b1dd-8116aa65433e
2025-05-14T10:12:08.653+05:30  INFO 87897 --- [department-service] [           main] o.hibernate.jpa.internal.util.LogHelper  : HHH000204: Processing PersistenceUnitInfo [name: default]
2025-05-14T10:12:08.683+05:30  INFO 87897 --- [department-service] [           main] org.hibernate.Version                    : HHH000412: Hibernate ORM core version 6.6.11.Final
2025-05-14T10:12:08.710+05:30  INFO 87897 --- [department-service] [           main] o.h.c.internal.RegionFactoryInitiator    : HHH000026: Second-level cache disabled
2025-05-14T10:12:08.839+05:30  INFO 87897 --- [department-service] [           main] o.s.o.j.p.SpringPersistenceUnitInfo      : No LoadTimeWeaver setup: ignoring JPA class transformer
2025-05-14T10:12:08.853+05:30  INFO 87897 --- [department-service] [           main] com.zaxxer.hikari.HikariDataSource       : HikariPool-1 - Starting...
2025-05-14T10:12:09.054+05:30  INFO 87897 --- [department-service] [           main] com.zaxxer.hikari.pool.HikariPool        : HikariPool-1 - Added connection com.mysql.cj.jdbc.ConnectionImpl@14af73e1
2025-05-14T10:12:09.055+05:30  INFO 87897 --- [department-service] [           main] com.zaxxer.hikari.HikariDataSource       : HikariPool-1 - Start completed.
2025-05-14T10:12:09.103+05:30  INFO 87897 --- [department-service] [           main] org.hibernate.orm.connections.pooling    : HHH10001005: Database info:
	Database JDBC URL [Connecting through datasource 'HikariDataSource (HikariPool-1)']
	Database driver: undefined/unknown
	Database version: 9.0.1
	Autocommit mode: undefined/unknown
	Isolation level: undefined/unknown
	Minimum pool size: undefined/unknown
	Maximum pool size: undefined/unknown
2025-05-14T10:12:09.487+05:30  INFO 87897 --- [department-service] [           main] o.h.e.t.j.p.i.JtaPlatformInitiator       : HHH000489: No JTA platform available (set 'hibernate.transaction.jta.platform' to enable JTA platform integration)
2025-05-14T10:12:09.521+05:30  INFO 87897 --- [department-service] [           main] j.LocalContainerEntityManagerFactoryBean : Initialized JPA EntityManagerFactory for persistence unit 'default'
2025-05-14T10:12:09.721+05:30  WARN 87897 --- [department-service] [           main] JpaBaseConfiguration$JpaWebConfiguration : spring.jpa.open-in-view is enabled by default. Therefore, database queries may be performed during view rendering. Explicitly configure spring.jpa.open-in-view to disable this warning
2025-05-14T10:12:09.972+05:30  INFO 87897 --- [department-service] [           main] DiscoveryClientOptionalArgsConfiguration : Eureka HTTP Client uses RestTemplate.
2025-05-14T10:12:09.989+05:30  WARN 87897 --- [department-service] [           main] iguration$LoadBalancerCaffeineWarnLogger : Spring Cloud LoadBalancer is currently working with the default cache. While this cache implementation is useful for development and tests, it's recommended to use Caffeine cache in production.You can switch to using Caffeine cache, by adding it and org.springframework.cache.caffeine.CaffeineCacheManager to the classpath.
2025-05-14T10:12:10.001+05:30  INFO 87897 --- [department-service] [           main] o.s.c.n.eureka.InstanceInfoFactory       : Setting initial instance status as: STARTING
2025-05-14T10:12:10.017+05:30  INFO 87897 --- [department-service] [           main] com.netflix.discovery.DiscoveryClient    : Initializing Eureka in region us-east-1
2025-05-14T10:12:10.019+05:30  INFO 87897 --- [department-service] [           main] c.n.d.s.r.aws.ConfigClusterResolver      : Resolving eureka endpoints via configuration
2025-05-14T10:12:10.022+05:30  INFO 87897 --- [department-service] [           main] com.netflix.discovery.DiscoveryClient    : Disable delta property : false
2025-05-14T10:12:10.022+05:30  INFO 87897 --- [department-service] [           main] com.netflix.discovery.DiscoveryClient    : Single vip registry refresh property : null
2025-05-14T10:12:10.022+05:30  INFO 87897 --- [department-service] [           main] com.netflix.discovery.DiscoveryClient    : Force full registry fetch : false
2025-05-14T10:12:10.023+05:30  INFO 87897 --- [department-service] [           main] com.netflix.discovery.DiscoveryClient    : Application is null : false
2025-05-14T10:12:10.023+05:30  INFO 87897 --- [department-service] [           main] com.netflix.discovery.DiscoveryClient    : Registered Applications size is zero : true
2025-05-14T10:12:10.023+05:30  INFO 87897 --- [department-service] [           main] com.netflix.discovery.DiscoveryClient    : Application version is -1: true
2025-05-14T10:12:10.023+05:30  INFO 87897 --- [department-service] [           main] com.netflix.discovery.DiscoveryClient    : Getting all instance registry info from the eureka server
2025-05-14T10:12:10.188+05:30  INFO 87897 --- [department-service] [           main] com.netflix.discovery.DiscoveryClient    : The response status is 200
2025-05-14T10:12:10.189+05:30  INFO 87897 --- [department-service] [           main] com.netflix.discovery.DiscoveryClient    : Starting heartbeat executor: renew interval is: 30
2025-05-14T10:12:10.189+05:30  INFO 87897 --- [department-service] [           main] c.n.discovery.InstanceInfoReplicator     : InstanceInfoReplicator onDemand update allowed rate per min is 4
2025-05-14T10:12:10.190+05:30  INFO 87897 --- [department-service] [           main] com.netflix.discovery.DiscoveryClient    : Discovery Client initialized at timestamp 1747197730190 with initial instances count: 1
2025-05-14T10:12:10.193+05:30  INFO 87897 --- [department-service] [           main] o.s.c.n.e.s.EurekaServiceRegistry        : Registering application DEPARTMENT-SERVICE with eureka with status UP
2025-05-14T10:12:10.193+05:30  INFO 87897 --- [department-service] [           main] com.netflix.discovery.DiscoveryClient    : Saw local status change event StatusChangeEvent [timestamp=1747197730193, current=UP, previous=STARTING]
2025-05-14T10:12:10.193+05:30  INFO 87897 --- [department-service] [foReplicator-%d] com.netflix.discovery.DiscoveryClient    : DiscoveryClient_DEPARTMENT-SERVICE/192.0.0.2:department-service: registering service...
2025-05-14T10:12:10.207+05:30  INFO 87897 --- [department-service] [           main] c.m.d.DepartmentServiceApplicationTests  : Started DepartmentServiceApplicationTests in 2.413 seconds (process running for 3.057)
2025-05-14T10:12:10.233+05:30  INFO 87897 --- [department-service] [foReplicator-%d] com.netflix.discovery.DiscoveryClient    : DiscoveryClient_DEPARTMENT-SERVICE/192.0.0.2:department-service - registration status: 204
]]></system-out>
    <system-err><![CDATA[Mockito is currently self-attaching to enable the inline-mock-maker. This will no longer work in future releases of the JDK. Please add Mockito as an agent to your build what is described in Mockito's documentation: https://javadoc.io/doc/org.mockito/mockito-core/latest/org/mockito/Mockito.html#0.3
WARNING: A Java agent has been loaded dynamically (/Users/jayparmar/.m2/repository/net/bytebuddy/byte-buddy-agent/1.15.11/byte-buddy-agent-1.15.11.jar)
WARNING: If a serviceability tool is in use, please run with -XX:+EnableDynamicAgentLoading to hide this warning
WARNING: If a serviceability tool is not in use, please run with -Djdk.instrument.traceUsage for more information
WARNING: Dynamic loading of agents will be disallowed by default in a future release
]]></system-err>
  </testcase>
</testsuite>